c:\users\chulu\onedrive\escritorio\projectos\3d_renderer_final\x64\debug\3drenderer.obj
c:\users\chulu\onedrive\escritorio\projectos\3d_renderer_final\x64\debug\keyboard.obj
c:\users\chulu\onedrive\escritorio\projectos\3d_renderer_final\x64\debug\window.obj
c:\users\chulu\onedrive\escritorio\projectos\3d_renderer_final\x64\debug\app.obj
c:\users\chulu\onedrive\escritorio\projectos\3d_renderer_final\x64\debug\dxerr.obj
c:\users\chulu\onedrive\escritorio\projectos\3d_renderer_final\x64\debug\exception.obj
c:\users\chulu\onedrive\escritorio\projectos\3d_renderer_final\x64\debug\graphics.obj
c:\users\chulu\onedrive\escritorio\projectos\3d_renderer_final\x64\debug\mouse.obj
c:\users\chulu\onedrive\escritorio\projectos\3d_renderer_final\x64\debug\dxgiinfomanager.obj
c:\users\chulu\onedrive\escritorio\projectos\3d_renderer_final\x64\debug\vc143.pdb
c:\users\chulu\onedrive\escritorio\projectos\3d_renderer_final\vertexshader.cso
c:\users\chulu\onedrive\escritorio\projectos\3d_renderer_final\x64\debug\3d_renderer_final.exe
c:\users\chulu\onedrive\escritorio\projectos\3d_renderer_final\x64\debug\3d_renderer_final.ilk
c:\users\chulu\onedrive\escritorio\projectos\3d_renderer_final\x64\debug\3d_renderer_final.pdb
c:\users\chulu\onedrive\escritorio\projectos\3d_renderer_final\x64\debug\vc143.idb
c:\users\chulu\onedrive\escritorio\projectos\3d_renderer_final\x64\debug\3d_rende.6f68c2d2.tlog\cl.command.1.tlog
c:\users\chulu\onedrive\escritorio\projectos\3d_renderer_final\x64\debug\3d_rende.6f68c2d2.tlog\cl.items.tlog
c:\users\chulu\onedrive\escritorio\projectos\3d_renderer_final\x64\debug\3d_rende.6f68c2d2.tlog\cl.read.1.tlog
c:\users\chulu\onedrive\escritorio\projectos\3d_renderer_final\x64\debug\3d_rende.6f68c2d2.tlog\cl.write.1.tlog
c:\users\chulu\onedrive\escritorio\projectos\3d_renderer_final\x64\debug\3d_rende.6f68c2d2.tlog\fxc.command.1.tlog
c:\users\chulu\onedrive\escritorio\projectos\3d_renderer_final\x64\debug\3d_rende.6f68c2d2.tlog\fxc.read.1.tlog
c:\users\chulu\onedrive\escritorio\projectos\3d_renderer_final\x64\debug\3d_rende.6f68c2d2.tlog\fxc.write.1.tlog
c:\users\chulu\onedrive\escritorio\projectos\3d_renderer_final\x64\debug\3d_rende.6f68c2d2.tlog\link.command.1.tlog
c:\users\chulu\onedrive\escritorio\projectos\3d_renderer_final\x64\debug\3d_rende.6f68c2d2.tlog\link.read.1.tlog
c:\users\chulu\onedrive\escritorio\projectos\3d_renderer_final\x64\debug\3d_rende.6f68c2d2.tlog\link.write.1.tlog
